<?xml version="1.0" encoding="UTF-8"?>
<testsuite xmlns:xsi="http://www.w3.org/2001/XMLSchema-instance" xsi:noNamespaceSchemaLocation="https://maven.apache.org/surefire/maven-surefire-plugin/xsd/surefire-test-report-3.0.xsd" version="3.0" name="com.mobilab.runners.CukesRunner" time="194.119" tests="24" errors="0" skipped="0" failures="0">
  <properties>
    <property name="sun.desktop" value="windows"/>
    <property name="awt.toolkit" value="sun.awt.windows.WToolkit"/>
    <property name="java.specification.version" value="12"/>
    <property name="sun.cpu.isalist" value="amd64"/>
    <property name="sun.jnu.encoding" value="Cp1252"/>
    <property name="java.class.path" value="C:\Users\asd\Desktop\java13\mobilab-automation\target\test-classes;C:\Users\asd\Desktop\java13\mobilab-automation\target\classes;C:\Users\asd\.m2\repository\io\rest-assured\rest-assured\4.3.1\rest-assured-4.3.1.jar;C:\Users\asd\.m2\repository\org\codehaus\groovy\groovy\3.0.3\groovy-3.0.3.jar;C:\Users\asd\.m2\repository\org\codehaus\groovy\groovy-xml\3.0.3\groovy-xml-3.0.3.jar;C:\Users\asd\.m2\repository\org\apache\httpcomponents\httpclient\4.5.3\httpclient-4.5.3.jar;C:\Users\asd\.m2\repository\org\apache\httpcomponents\httpcore\4.4.6\httpcore-4.4.6.jar;C:\Users\asd\.m2\repository\commons-logging\commons-logging\1.2\commons-logging-1.2.jar;C:\Users\asd\.m2\repository\org\apache\httpcomponents\httpmime\4.5.3\httpmime-4.5.3.jar;C:\Users\asd\.m2\repository\org\hamcrest\hamcrest\2.1\hamcrest-2.1.jar;C:\Users\asd\.m2\repository\org\ccil\cowan\tagsoup\tagsoup\1.2.1\tagsoup-1.2.1.jar;C:\Users\asd\.m2\repository\io\rest-assured\json-path\4.3.1\json-path-4.3.1.jar;C:\Users\asd\.m2\repository\org\codehaus\groovy\groovy-json\3.0.3\groovy-json-3.0.3.jar;C:\Users\asd\.m2\repository\io\rest-assured\rest-assured-common\4.3.1\rest-assured-common-4.3.1.jar;C:\Users\asd\.m2\repository\io\rest-assured\xml-path\4.3.1\xml-path-4.3.1.jar;C:\Users\asd\.m2\repository\jakarta\xml\bind\jakarta.xml.bind-api\2.3.3\jakarta.xml.bind-api-2.3.3.jar;C:\Users\asd\.m2\repository\jakarta\activation\jakarta.activation-api\1.2.2\jakarta.activation-api-1.2.2.jar;C:\Users\asd\.m2\repository\com\sun\xml\bind\jaxb-impl\2.3.3\jaxb-impl-2.3.3.jar;C:\Users\asd\.m2\repository\io\rest-assured\json-schema-validator\4.3.1\json-schema-validator-4.3.1.jar;C:\Users\asd\.m2\repository\com\github\java-json-tools\json-schema-validator\2.2.10\json-schema-validator-2.2.10.jar;C:\Users\asd\.m2\repository\com\github\java-json-tools\json-schema-core\1.2.10\json-schema-core-1.2.10.jar;C:\Users\asd\.m2\repository\com\github\java-json-tools\jackson-coreutils\1.9\jackson-coreutils-1.9.jar;C:\Users\asd\.m2\repository\com\fasterxml\jackson\core\jackson-databind\2.2.3\jackson-databind-2.2.3.jar;C:\Users\asd\.m2\repository\com\fasterxml\jackson\core\jackson-annotations\2.2.3\jackson-annotations-2.2.3.jar;C:\Users\asd\.m2\repository\com\fasterxml\jackson\core\jackson-core\2.2.3\jackson-core-2.2.3.jar;C:\Users\asd\.m2\repository\com\github\fge\msg-simple\1.1\msg-simple-1.1.jar;C:\Users\asd\.m2\repository\com\github\fge\btf\1.2\btf-1.2.jar;C:\Users\asd\.m2\repository\com\github\fge\uri-template\0.9\uri-template-0.9.jar;C:\Users\asd\.m2\repository\org\mozilla\rhino\1.7.7.1\rhino-1.7.7.1.jar;C:\Users\asd\.m2\repository\javax\mail\mailapi\1.4.3\mailapi-1.4.3.jar;C:\Users\asd\.m2\repository\javax\activation\activation\1.1\activation-1.1.jar;C:\Users\asd\.m2\repository\joda-time\joda-time\2.9.7\joda-time-2.9.7.jar;C:\Users\asd\.m2\repository\com\googlecode\libphonenumber\libphonenumber\8.0.0\libphonenumber-8.0.0.jar;C:\Users\asd\.m2\repository\com\google\code\findbugs\jsr305\3.0.1\jsr305-3.0.1.jar;C:\Users\asd\.m2\repository\net\sf\jopt-simple\jopt-simple\5.0.3\jopt-simple-5.0.3.jar;C:\Users\asd\.m2\repository\io\cucumber\cucumber-java\6.0.0\cucumber-java-6.0.0.jar;C:\Users\asd\.m2\repository\io\cucumber\cucumber-core\6.0.0\cucumber-core-6.0.0.jar;C:\Users\asd\.m2\repository\io\cucumber\cucumber-gherkin\6.0.0\cucumber-gherkin-6.0.0.jar;C:\Users\asd\.m2\repository\io\cucumber\cucumber-gherkin-messages\6.0.0\cucumber-gherkin-messages-6.0.0.jar;C:\Users\asd\.m2\repository\io\cucumber\messages\12.1.1\messages-12.1.1.jar;C:\Users\asd\.m2\repository\io\cucumber\tag-expressions\2.0.4\tag-expressions-2.0.4.jar;C:\Users\asd\.m2\repository\io\cucumber\cucumber-expressions\10.2.0\cucumber-expressions-10.2.0.jar;C:\Users\asd\.m2\repository\io\cucumber\datatable\3.3.1\datatable-3.3.1.jar;C:\Users\asd\.m2\repository\io\cucumber\cucumber-plugin\6.0.0\cucumber-plugin-6.0.0.jar;C:\Users\asd\.m2\repository\io\cucumber\docstring\6.0.0\docstring-6.0.0.jar;C:\Users\asd\.m2\repository\io\cucumber\html-formatter\6.0.2\html-formatter-6.0.2.jar;C:\Users\asd\.m2\repository\org\apiguardian\apiguardian-api\1.1.0\apiguardian-api-1.1.0.jar;C:\Users\asd\.m2\repository\io\cucumber\cucumber-junit\6.0.0\cucumber-junit-6.0.0.jar;C:\Users\asd\.m2\repository\org\seleniumhq\selenium\selenium-java\3.141.59\selenium-java-3.141.59.jar;C:\Users\asd\.m2\repository\org\seleniumhq\selenium\selenium-api\3.141.59\selenium-api-3.141.59.jar;C:\Users\asd\.m2\repository\org\seleniumhq\selenium\selenium-chrome-driver\3.141.59\selenium-chrome-driver-3.141.59.jar;C:\Users\asd\.m2\repository\org\seleniumhq\selenium\selenium-edge-driver\3.141.59\selenium-edge-driver-3.141.59.jar;C:\Users\asd\.m2\repository\org\seleniumhq\selenium\selenium-firefox-driver\3.141.59\selenium-firefox-driver-3.141.59.jar;C:\Users\asd\.m2\repository\org\seleniumhq\selenium\selenium-ie-driver\3.141.59\selenium-ie-driver-3.141.59.jar;C:\Users\asd\.m2\repository\org\seleniumhq\selenium\selenium-opera-driver\3.141.59\selenium-opera-driver-3.141.59.jar;C:\Users\asd\.m2\repository\org\seleniumhq\selenium\selenium-remote-driver\3.141.59\selenium-remote-driver-3.141.59.jar;C:\Users\asd\.m2\repository\org\seleniumhq\selenium\selenium-safari-driver\3.141.59\selenium-safari-driver-3.141.59.jar;C:\Users\asd\.m2\repository\org\seleniumhq\selenium\selenium-support\3.141.59\selenium-support-3.141.59.jar;C:\Users\asd\.m2\repository\net\bytebuddy\byte-buddy\1.8.15\byte-buddy-1.8.15.jar;C:\Users\asd\.m2\repository\org\apache\commons\commons-exec\1.3\commons-exec-1.3.jar;C:\Users\asd\.m2\repository\com\google\guava\guava\25.0-jre\guava-25.0-jre.jar;C:\Users\asd\.m2\repository\org\checkerframework\checker-compat-qual\2.0.0\checker-compat-qual-2.0.0.jar;C:\Users\asd\.m2\repository\com\google\errorprone\error_prone_annotations\2.1.3\error_prone_annotations-2.1.3.jar;C:\Users\asd\.m2\repository\com\google\j2objc\j2objc-annotations\1.1\j2objc-annotations-1.1.jar;C:\Users\asd\.m2\repository\org\codehaus\mojo\animal-sniffer-annotations\1.14\animal-sniffer-annotations-1.14.jar;C:\Users\asd\.m2\repository\com\squareup\okhttp3\okhttp\3.11.0\okhttp-3.11.0.jar;C:\Users\asd\.m2\repository\com\squareup\okio\okio\1.14.0\okio-1.14.0.jar;C:\Users\asd\.m2\repository\io\github\bonigarcia\webdrivermanager\4.2.0\webdrivermanager-4.2.0.jar;C:\Users\asd\.m2\repository\org\slf4j\slf4j-api\1.7.30\slf4j-api-1.7.30.jar;C:\Users\asd\.m2\repository\commons-io\commons-io\2.7\commons-io-2.7.jar;C:\Users\asd\.m2\repository\org\apache\commons\commons-lang3\3.11\commons-lang3-3.11.jar;C:\Users\asd\.m2\repository\org\apache\httpcomponents\client5\httpclient5\5.0.1\httpclient5-5.0.1.jar;C:\Users\asd\.m2\repository\org\apache\httpcomponents\core5\httpcore5\5.0.1\httpcore5-5.0.1.jar;C:\Users\asd\.m2\repository\org\apache\httpcomponents\core5\httpcore5-h2\5.0.1\httpcore5-h2-5.0.1.jar;C:\Users\asd\.m2\repository\org\rauschig\jarchivelib\1.0.0\jarchivelib-1.0.0.jar;C:\Users\asd\.m2\repository\org\jsoup\jsoup\1.13.1\jsoup-1.13.1.jar;C:\Users\asd\.m2\repository\com\google\code\gson\gson\2.8.6\gson-2.8.6.jar;C:\Users\asd\.m2\repository\junit\junit\4.11\junit-4.11.jar;C:\Users\asd\.m2\repository\org\hamcrest\hamcrest-core\1.3\hamcrest-core-1.3.jar;C:\Users\asd\.m2\repository\org\projectlombok\lombok\1.18.12\lombok-1.18.12.jar;C:\Users\asd\.m2\repository\com\github\javafaker\javafaker\1.0.2\javafaker-1.0.2.jar;C:\Users\asd\.m2\repository\org\yaml\snakeyaml\1.23\snakeyaml-1.23-android.jar;C:\Users\asd\.m2\repository\com\github\mifmif\generex\1.0.2\generex-1.0.2.jar;C:\Users\asd\.m2\repository\dk\brics\automaton\automaton\1.11-8\automaton-1.11-8.jar;C:\Users\asd\.m2\repository\org\apache\poi\poi\4.1.2\poi-4.1.2.jar;C:\Users\asd\.m2\repository\commons-codec\commons-codec\1.13\commons-codec-1.13.jar;C:\Users\asd\.m2\repository\org\apache\commons\commons-collections4\4.4\commons-collections4-4.4.jar;C:\Users\asd\.m2\repository\org\apache\commons\commons-math3\3.6.1\commons-math3-3.6.1.jar;C:\Users\asd\.m2\repository\com\zaxxer\SparseBitSet\1.2\SparseBitSet-1.2.jar;C:\Users\asd\.m2\repository\org\apache\poi\poi-ooxml\4.1.2\poi-ooxml-4.1.2.jar;C:\Users\asd\.m2\repository\org\apache\poi\poi-ooxml-schemas\4.1.2\poi-ooxml-schemas-4.1.2.jar;C:\Users\asd\.m2\repository\org\apache\xmlbeans\xmlbeans\3.1.0\xmlbeans-3.1.0.jar;C:\Users\asd\.m2\repository\org\apache\commons\commons-compress\1.19\commons-compress-1.19.jar;C:\Users\asd\.m2\repository\com\github\virtuald\curvesapi\1.06\curvesapi-1.06.jar;"/>
    <property name="java.vm.vendor" value="Oracle Corporation"/>
    <property name="sun.arch.data.model" value="64"/>
    <property name="user.variant" value=""/>
    <property name="java.vendor.url" value="https://java.oracle.com/"/>
    <property name="user.timezone" value="Europe/Berlin"/>
    <property name="os.name" value="Windows 10"/>
    <property name="java.vm.specification.version" value="12"/>
    <property name="sun.java.launcher" value="SUN_STANDARD"/>
    <property name="user.country" value="US"/>
    <property name="sun.boot.library.path" value="C:\Program Files\Java\jdk-12.0.2\bin"/>
    <property name="sun.java.command" value="C:\Users\asd\AppData\Local\Temp\surefire3937945594329447011\surefirebooter3041815946798085975.jar C:\Users\asd\AppData\Local\Temp\surefire3937945594329447011 2020-12-10T13-48-25_677-jvmRun1 surefire17173876943678790628tmp surefire_010452762390219049526tmp"/>
    <property name="jdk.debug" value="release"/>
    <property name="surefire.test.class.path" value="C:\Users\asd\Desktop\java13\mobilab-automation\target\test-classes;C:\Users\asd\Desktop\java13\mobilab-automation\target\classes;C:\Users\asd\.m2\repository\io\rest-assured\rest-assured\4.3.1\rest-assured-4.3.1.jar;C:\Users\asd\.m2\repository\org\codehaus\groovy\groovy\3.0.3\groovy-3.0.3.jar;C:\Users\asd\.m2\repository\org\codehaus\groovy\groovy-xml\3.0.3\groovy-xml-3.0.3.jar;C:\Users\asd\.m2\repository\org\apache\httpcomponents\httpclient\4.5.3\httpclient-4.5.3.jar;C:\Users\asd\.m2\repository\org\apache\httpcomponents\httpcore\4.4.6\httpcore-4.4.6.jar;C:\Users\asd\.m2\repository\commons-logging\commons-logging\1.2\commons-logging-1.2.jar;C:\Users\asd\.m2\repository\org\apache\httpcomponents\httpmime\4.5.3\httpmime-4.5.3.jar;C:\Users\asd\.m2\repository\org\hamcrest\hamcrest\2.1\hamcrest-2.1.jar;C:\Users\asd\.m2\repository\org\ccil\cowan\tagsoup\tagsoup\1.2.1\tagsoup-1.2.1.jar;C:\Users\asd\.m2\repository\io\rest-assured\json-path\4.3.1\json-path-4.3.1.jar;C:\Users\asd\.m2\repository\org\codehaus\groovy\groovy-json\3.0.3\groovy-json-3.0.3.jar;C:\Users\asd\.m2\repository\io\rest-assured\rest-assured-common\4.3.1\rest-assured-common-4.3.1.jar;C:\Users\asd\.m2\repository\io\rest-assured\xml-path\4.3.1\xml-path-4.3.1.jar;C:\Users\asd\.m2\repository\jakarta\xml\bind\jakarta.xml.bind-api\2.3.3\jakarta.xml.bind-api-2.3.3.jar;C:\Users\asd\.m2\repository\jakarta\activation\jakarta.activation-api\1.2.2\jakarta.activation-api-1.2.2.jar;C:\Users\asd\.m2\repository\com\sun\xml\bind\jaxb-impl\2.3.3\jaxb-impl-2.3.3.jar;C:\Users\asd\.m2\repository\io\rest-assured\json-schema-validator\4.3.1\json-schema-validator-4.3.1.jar;C:\Users\asd\.m2\repository\com\github\java-json-tools\json-schema-validator\2.2.10\json-schema-validator-2.2.10.jar;C:\Users\asd\.m2\repository\com\github\java-json-tools\json-schema-core\1.2.10\json-schema-core-1.2.10.jar;C:\Users\asd\.m2\repository\com\github\java-json-tools\jackson-coreutils\1.9\jackson-coreutils-1.9.jar;C:\Users\asd\.m2\repository\com\fasterxml\jackson\core\jackson-databind\2.2.3\jackson-databind-2.2.3.jar;C:\Users\asd\.m2\repository\com\fasterxml\jackson\core\jackson-annotations\2.2.3\jackson-annotations-2.2.3.jar;C:\Users\asd\.m2\repository\com\fasterxml\jackson\core\jackson-core\2.2.3\jackson-core-2.2.3.jar;C:\Users\asd\.m2\repository\com\github\fge\msg-simple\1.1\msg-simple-1.1.jar;C:\Users\asd\.m2\repository\com\github\fge\btf\1.2\btf-1.2.jar;C:\Users\asd\.m2\repository\com\github\fge\uri-template\0.9\uri-template-0.9.jar;C:\Users\asd\.m2\repository\org\mozilla\rhino\1.7.7.1\rhino-1.7.7.1.jar;C:\Users\asd\.m2\repository\javax\mail\mailapi\1.4.3\mailapi-1.4.3.jar;C:\Users\asd\.m2\repository\javax\activation\activation\1.1\activation-1.1.jar;C:\Users\asd\.m2\repository\joda-time\joda-time\2.9.7\joda-time-2.9.7.jar;C:\Users\asd\.m2\repository\com\googlecode\libphonenumber\libphonenumber\8.0.0\libphonenumber-8.0.0.jar;C:\Users\asd\.m2\repository\com\google\code\findbugs\jsr305\3.0.1\jsr305-3.0.1.jar;C:\Users\asd\.m2\repository\net\sf\jopt-simple\jopt-simple\5.0.3\jopt-simple-5.0.3.jar;C:\Users\asd\.m2\repository\io\cucumber\cucumber-java\6.0.0\cucumber-java-6.0.0.jar;C:\Users\asd\.m2\repository\io\cucumber\cucumber-core\6.0.0\cucumber-core-6.0.0.jar;C:\Users\asd\.m2\repository\io\cucumber\cucumber-gherkin\6.0.0\cucumber-gherkin-6.0.0.jar;C:\Users\asd\.m2\repository\io\cucumber\cucumber-gherkin-messages\6.0.0\cucumber-gherkin-messages-6.0.0.jar;C:\Users\asd\.m2\repository\io\cucumber\messages\12.1.1\messages-12.1.1.jar;C:\Users\asd\.m2\repository\io\cucumber\tag-expressions\2.0.4\tag-expressions-2.0.4.jar;C:\Users\asd\.m2\repository\io\cucumber\cucumber-expressions\10.2.0\cucumber-expressions-10.2.0.jar;C:\Users\asd\.m2\repository\io\cucumber\datatable\3.3.1\datatable-3.3.1.jar;C:\Users\asd\.m2\repository\io\cucumber\cucumber-plugin\6.0.0\cucumber-plugin-6.0.0.jar;C:\Users\asd\.m2\repository\io\cucumber\docstring\6.0.0\docstring-6.0.0.jar;C:\Users\asd\.m2\repository\io\cucumber\html-formatter\6.0.2\html-formatter-6.0.2.jar;C:\Users\asd\.m2\repository\org\apiguardian\apiguardian-api\1.1.0\apiguardian-api-1.1.0.jar;C:\Users\asd\.m2\repository\io\cucumber\cucumber-junit\6.0.0\cucumber-junit-6.0.0.jar;C:\Users\asd\.m2\repository\org\seleniumhq\selenium\selenium-java\3.141.59\selenium-java-3.141.59.jar;C:\Users\asd\.m2\repository\org\seleniumhq\selenium\selenium-api\3.141.59\selenium-api-3.141.59.jar;C:\Users\asd\.m2\repository\org\seleniumhq\selenium\selenium-chrome-driver\3.141.59\selenium-chrome-driver-3.141.59.jar;C:\Users\asd\.m2\repository\org\seleniumhq\selenium\selenium-edge-driver\3.141.59\selenium-edge-driver-3.141.59.jar;C:\Users\asd\.m2\repository\org\seleniumhq\selenium\selenium-firefox-driver\3.141.59\selenium-firefox-driver-3.141.59.jar;C:\Users\asd\.m2\repository\org\seleniumhq\selenium\selenium-ie-driver\3.141.59\selenium-ie-driver-3.141.59.jar;C:\Users\asd\.m2\repository\org\seleniumhq\selenium\selenium-opera-driver\3.141.59\selenium-opera-driver-3.141.59.jar;C:\Users\asd\.m2\repository\org\seleniumhq\selenium\selenium-remote-driver\3.141.59\selenium-remote-driver-3.141.59.jar;C:\Users\asd\.m2\repository\org\seleniumhq\selenium\selenium-safari-driver\3.141.59\selenium-safari-driver-3.141.59.jar;C:\Users\asd\.m2\repository\org\seleniumhq\selenium\selenium-support\3.141.59\selenium-support-3.141.59.jar;C:\Users\asd\.m2\repository\net\bytebuddy\byte-buddy\1.8.15\byte-buddy-1.8.15.jar;C:\Users\asd\.m2\repository\org\apache\commons\commons-exec\1.3\commons-exec-1.3.jar;C:\Users\asd\.m2\repository\com\google\guava\guava\25.0-jre\guava-25.0-jre.jar;C:\Users\asd\.m2\repository\org\checkerframework\checker-compat-qual\2.0.0\checker-compat-qual-2.0.0.jar;C:\Users\asd\.m2\repository\com\google\errorprone\error_prone_annotations\2.1.3\error_prone_annotations-2.1.3.jar;C:\Users\asd\.m2\repository\com\google\j2objc\j2objc-annotations\1.1\j2objc-annotations-1.1.jar;C:\Users\asd\.m2\repository\org\codehaus\mojo\animal-sniffer-annotations\1.14\animal-sniffer-annotations-1.14.jar;C:\Users\asd\.m2\repository\com\squareup\okhttp3\okhttp\3.11.0\okhttp-3.11.0.jar;C:\Users\asd\.m2\repository\com\squareup\okio\okio\1.14.0\okio-1.14.0.jar;C:\Users\asd\.m2\repository\io\github\bonigarcia\webdrivermanager\4.2.0\webdrivermanager-4.2.0.jar;C:\Users\asd\.m2\repository\org\slf4j\slf4j-api\1.7.30\slf4j-api-1.7.30.jar;C:\Users\asd\.m2\repository\commons-io\commons-io\2.7\commons-io-2.7.jar;C:\Users\asd\.m2\repository\org\apache\commons\commons-lang3\3.11\commons-lang3-3.11.jar;C:\Users\asd\.m2\repository\org\apache\httpcomponents\client5\httpclient5\5.0.1\httpclient5-5.0.1.jar;C:\Users\asd\.m2\repository\org\apache\httpcomponents\core5\httpcore5\5.0.1\httpcore5-5.0.1.jar;C:\Users\asd\.m2\repository\org\apache\httpcomponents\core5\httpcore5-h2\5.0.1\httpcore5-h2-5.0.1.jar;C:\Users\asd\.m2\repository\org\rauschig\jarchivelib\1.0.0\jarchivelib-1.0.0.jar;C:\Users\asd\.m2\repository\org\jsoup\jsoup\1.13.1\jsoup-1.13.1.jar;C:\Users\asd\.m2\repository\com\google\code\gson\gson\2.8.6\gson-2.8.6.jar;C:\Users\asd\.m2\repository\junit\junit\4.11\junit-4.11.jar;C:\Users\asd\.m2\repository\org\hamcrest\hamcrest-core\1.3\hamcrest-core-1.3.jar;C:\Users\asd\.m2\repository\org\projectlombok\lombok\1.18.12\lombok-1.18.12.jar;C:\Users\asd\.m2\repository\com\github\javafaker\javafaker\1.0.2\javafaker-1.0.2.jar;C:\Users\asd\.m2\repository\org\yaml\snakeyaml\1.23\snakeyaml-1.23-android.jar;C:\Users\asd\.m2\repository\com\github\mifmif\generex\1.0.2\generex-1.0.2.jar;C:\Users\asd\.m2\repository\dk\brics\automaton\automaton\1.11-8\automaton-1.11-8.jar;C:\Users\asd\.m2\repository\org\apache\poi\poi\4.1.2\poi-4.1.2.jar;C:\Users\asd\.m2\repository\commons-codec\commons-codec\1.13\commons-codec-1.13.jar;C:\Users\asd\.m2\repository\org\apache\commons\commons-collections4\4.4\commons-collections4-4.4.jar;C:\Users\asd\.m2\repository\org\apache\commons\commons-math3\3.6.1\commons-math3-3.6.1.jar;C:\Users\asd\.m2\repository\com\zaxxer\SparseBitSet\1.2\SparseBitSet-1.2.jar;C:\Users\asd\.m2\repository\org\apache\poi\poi-ooxml\4.1.2\poi-ooxml-4.1.2.jar;C:\Users\asd\.m2\repository\org\apache\poi\poi-ooxml-schemas\4.1.2\poi-ooxml-schemas-4.1.2.jar;C:\Users\asd\.m2\repository\org\apache\xmlbeans\xmlbeans\3.1.0\xmlbeans-3.1.0.jar;C:\Users\asd\.m2\repository\org\apache\commons\commons-compress\1.19\commons-compress-1.19.jar;C:\Users\asd\.m2\repository\com\github\virtuald\curvesapi\1.06\curvesapi-1.06.jar;"/>
    <property name="sun.cpu.endian" value="little"/>
    <property name="user.home" value="C:\Users\asd"/>
    <property name="user.language" value="en"/>
    <property name="java.specification.vendor" value="Oracle Corporation"/>
    <property name="java.version.date" value="2019-07-16"/>
    <property name="java.home" value="C:\Program Files\Java\jdk-12.0.2"/>
    <property name="file.separator" value="\"/>
    <property name="basedir" value="C:\Users\asd\Desktop\java13\mobilab-automation"/>
    <property name="java.vm.compressedOopsMode" value="32-bit"/>
    <property name="line.separator" value="&#10;"/>
    <property name="java.vm.specification.vendor" value="Oracle Corporation"/>
    <property name="java.specification.name" value="Java Platform API Specification"/>
    <property name="java.awt.graphicsenv" value="sun.awt.Win32GraphicsEnvironment"/>
    <property name="surefire.real.class.path" value="C:\Users\asd\AppData\Local\Temp\surefire3937945594329447011\surefirebooter3041815946798085975.jar"/>
    <property name="user.script" value=""/>
    <property name="sun.management.compiler" value="HotSpot 64-Bit Tiered Compilers"/>
    <property name="java.runtime.version" value="12.0.2+10"/>
    <property name="user.name" value="asd"/>
    <property name="path.separator" value=";"/>
    <property name="os.version" value="10.0"/>
    <property name="java.runtime.name" value="Java(TM) SE Runtime Environment"/>
    <property name="file.encoding" value="Cp1252"/>
    <property name="java.vm.name" value="Java HotSpot(TM) 64-Bit Server VM"/>
    <property name="localRepository" value="C:\Users\asd\.m2\repository"/>
    <property name="java.vendor.url.bug" value="https://bugreport.java.com/bugreport/"/>
    <property name="java.io.tmpdir" value="C:\Users\asd\AppData\Local\Temp\"/>
    <property name="java.version" value="12.0.2"/>
    <property name="user.dir" value="C:\Users\asd\Desktop\java13\mobilab-automation"/>
    <property name="os.arch" value="amd64"/>
    <property name="java.vm.specification.name" value="Java Virtual Machine Specification"/>
    <property name="sun.os.patch.level" value=""/>
    <property name="java.library.path" value="C:\Program Files\Java\jdk-12.0.2\bin;C:\WINDOWS\Sun\Java\bin;C:\WINDOWS\system32;C:\WINDOWS;C:\Users\asd\bin;C:\Program Files\Git\mingw64\bin;C:\Program Files\Git\usr\local\bin;C:\Program Files\Git\usr\bin;C:\Program Files\Git\usr\bin;C:\Program Files\Git\mingw64\bin;C:\Program Files\Git\usr\bin;C:\Users\asd\bin;C:\Program Files\Java\jdk-12.0.2\bin;C:\WINDOWS\system32;C:\WINDOWS;C:\WINDOWS\System32\Wbem;C:\WINDOWS\System32\WindowsPowerShell\v1.0;C:\WINDOWS\System32\OpenSSH;C:\Program Files\Git\cmd;C:\apache-maven-3.6.3\bin;C:\Users\asd\AppData\Local\Android\Sdk\tools;C:\Users\asd\AppData\Local\Android\Sdkt\platform-tools;C:\Program Files\Calibre2;C:\Program Files\Microsoft SQL Server\140\Tools\Binn;C:\Program Files (x86)\Brackets\command;%NVM_HOME%;%NVM_SYMLINK%;C:\Program Files\nodejs;C:\Program Files\Docker\Docker\resources\bin;C:\ProgramData\DockerDesktop\version-bin;C:\Users\asd\AppData\Local\GitHubDesktop\bin;C:\Users\asd\AppData\Local\Microsoft\WindowsApps;C:\Users\asd\AppData\Roaming\nvm;C:\Users\asd\AppData\Roaming\npm;C:\Program Files\Git\usr\bin\vendor_perl;C:\Program Files\Git\usr\bin\core_perl;."/>
    <property name="java.vm.info" value="mixed mode, sharing"/>
    <property name="java.vendor" value="Oracle Corporation"/>
    <property name="java.vm.version" value="12.0.2+10"/>
    <property name="sun.io.unicode.encoding" value="UnicodeLittle"/>
    <property name="java.class.version" value="56.0"/>
  </properties>
  <testcase name="User should see the new account After new account creation" classname="AccountsList Page" time="12.361">
    <system-out><![CDATA[	this is coming from BEFORE
allRow.size() = 3
aHolderFromAccountListPage = Cedric Bella
balanceFromAccountListPage = 350000
accountHolder = Cedric Bella
balance = 350000
]]></system-out>
    <system-err><![CDATA[SLF4J: Failed to load class "org.slf4j.impl.StaticLoggerBinder".
SLF4J: Defaulting to no-operation (NOP) logger implementation
SLF4J: See http://www.slf4j.org/codes.html#StaticLoggerBinder for further details.
Starting ChromeDriver 87.0.4280.88 (89e2380a3e36c3464b5dd1302349b1382549290d-refs/branch-heads/4280@{#1761}) on port 36903
Only local connections are allowed.
Please see https://chromedriver.chromium.org/security-considerations for suggestions on keeping ChromeDriver safe.
ChromeDriver was started successfully.
Dec 10, 2020 1:48:33 PM org.openqa.selenium.remote.ProtocolHandshake createSession
INFO: Detected dialect: W3C
]]></system-err>
  </testcase>
  <testcase name="Compare Owner Balance before and after Transaction only $ to $ /€ to €" classname="AccountsList Page" time="6.434">
    <system-out><![CDATA[	this is coming from BEFORE
firstBalanceInAccount = 4446.64
lastBalanceInAccount = 4436.64
firstBalanceInAccount = 4446.64
lastBalanceInAccount = 4436.64
balanceFirst = 4446.64
balanceLast = 4436.64
transactionAmount = 10.0
differenceInt = 10.0
]]></system-out>
    <system-err><![CDATA[Starting ChromeDriver 87.0.4280.88 (89e2380a3e36c3464b5dd1302349b1382549290d-refs/branch-heads/4280@{#1761}) on port 16721
Only local connections are allowed.
Please see https://chromedriver.chromium.org/security-considerations for suggestions on keeping ChromeDriver safe.
ChromeDriver was started successfully.
Dec 10, 2020 1:48:44 PM org.openqa.selenium.remote.ProtocolHandshake createSession
INFO: Detected dialect: W3C
]]></system-err>
  </testcase>
  <testcase name="Compare Owner Balance before and after Transaction only $ to $ /€ to €" classname="AccountsList Page" time="6.326">
    <system-out><![CDATA[	this is coming from BEFORE
firstBalanceInAccount = 79773.84
lastBalanceInAccount = 79756.84
firstBalanceInAccount = 79773.84
lastBalanceInAccount = 79756.84
balanceFirst = 79773.84
balanceLast = 79756.84
transactionAmount = 17.0
differenceInt = 17.0
]]></system-out>
    <system-err><![CDATA[Starting ChromeDriver 87.0.4280.88 (89e2380a3e36c3464b5dd1302349b1382549290d-refs/branch-heads/4280@{#1761}) on port 33435
Only local connections are allowed.
Please see https://chromedriver.chromium.org/security-considerations for suggestions on keeping ChromeDriver safe.
ChromeDriver was started successfully.
Dec 10, 2020 1:48:50 PM org.openqa.selenium.remote.ProtocolHandshake createSession
INFO: Detected dialect: W3C
]]></system-err>
  </testcase>
  <testcase name="Valid Data for Owner(AccountHolder)" classname="Create Account Page" time="7.285">
    <system-out><![CDATA[	this is coming from BEFORE
]]></system-out>
    <system-err><![CDATA[Starting ChromeDriver 87.0.4280.88 (89e2380a3e36c3464b5dd1302349b1382549290d-refs/branch-heads/4280@{#1761}) on port 24899
Only local connections are allowed.
Please see https://chromedriver.chromium.org/security-considerations for suggestions on keeping ChromeDriver safe.
ChromeDriver was started successfully.
Dec 10, 2020 1:48:57 PM org.openqa.selenium.remote.ProtocolHandshake createSession
INFO: Detected dialect: W3C
]]></system-err>
  </testcase>
  <testcase name="Valid Data for Owner(AccountHolder)" classname="Create Account Page" time="7.455">
    <system-out><![CDATA[	this is coming from BEFORE
]]></system-out>
    <system-err><![CDATA[Starting ChromeDriver 87.0.4280.88 (89e2380a3e36c3464b5dd1302349b1382549290d-refs/branch-heads/4280@{#1761}) on port 2356
Only local connections are allowed.
Please see https://chromedriver.chromium.org/security-considerations for suggestions on keeping ChromeDriver safe.
ChromeDriver was started successfully.
Dec 10, 2020 1:49:04 PM org.openqa.selenium.remote.ProtocolHandshake createSession
INFO: Detected dialect: W3C
]]></system-err>
  </testcase>
  <testcase name="Valid Data for Owner(AccountHolder)" classname="Create Account Page" time="7.357">
    <system-out><![CDATA[	this is coming from BEFORE
]]></system-out>
    <system-err><![CDATA[Starting ChromeDriver 87.0.4280.88 (89e2380a3e36c3464b5dd1302349b1382549290d-refs/branch-heads/4280@{#1761}) on port 24817
Only local connections are allowed.
Please see https://chromedriver.chromium.org/security-considerations for suggestions on keeping ChromeDriver safe.
ChromeDriver was started successfully.
Dec 10, 2020 1:49:11 PM org.openqa.selenium.remote.ProtocolHandshake createSession
INFO: Detected dialect: W3C
]]></system-err>
  </testcase>
  <testcase name="Valid Data for Owner(AccountHolder)" classname="Create Account Page" time="7.353">
    <system-out><![CDATA[	this is coming from BEFORE
]]></system-out>
    <system-err><![CDATA[Starting ChromeDriver 87.0.4280.88 (89e2380a3e36c3464b5dd1302349b1382549290d-refs/branch-heads/4280@{#1761}) on port 39849
Only local connections are allowed.
Please see https://chromedriver.chromium.org/security-considerations for suggestions on keeping ChromeDriver safe.
ChromeDriver was started successfully.
Dec 10, 2020 1:49:19 PM org.openqa.selenium.remote.ProtocolHandshake createSession
INFO: Detected dialect: W3C
]]></system-err>
  </testcase>
  <testcase name="Invalid data for Owner (AccountHolder)" classname="Create Account Page" time="7.281">
    <system-out><![CDATA[	this is coming from BEFORE
]]></system-out>
    <system-err><![CDATA[Starting ChromeDriver 87.0.4280.88 (89e2380a3e36c3464b5dd1302349b1382549290d-refs/branch-heads/4280@{#1761}) on port 39317
Only local connections are allowed.
Please see https://chromedriver.chromium.org/security-considerations for suggestions on keeping ChromeDriver safe.
ChromeDriver was started successfully.
Dec 10, 2020 1:49:26 PM org.openqa.selenium.remote.ProtocolHandshake createSession
INFO: Detected dialect: W3C
]]></system-err>
  </testcase>
  <testcase name="Invalid data for Owner (AccountHolder)" classname="Create Account Page" time="7.174">
    <system-out><![CDATA[	this is coming from BEFORE
]]></system-out>
    <system-err><![CDATA[Starting ChromeDriver 87.0.4280.88 (89e2380a3e36c3464b5dd1302349b1382549290d-refs/branch-heads/4280@{#1761}) on port 41882
Only local connections are allowed.
Please see https://chromedriver.chromium.org/security-considerations for suggestions on keeping ChromeDriver safe.
ChromeDriver was started successfully.
Dec 10, 2020 1:49:33 PM org.openqa.selenium.remote.ProtocolHandshake createSession
INFO: Detected dialect: W3C
]]></system-err>
  </testcase>
  <testcase name="Create an Account Without Currency (Dollar/Euro)" classname="Create Account Page" time="7.394">
    <system-out><![CDATA[	this is coming from BEFORE
]]></system-out>
    <system-err><![CDATA[Starting ChromeDriver 87.0.4280.88 (89e2380a3e36c3464b5dd1302349b1382549290d-refs/branch-heads/4280@{#1761}) on port 11938
Only local connections are allowed.
Please see https://chromedriver.chromium.org/security-considerations for suggestions on keeping ChromeDriver safe.
ChromeDriver was started successfully.
Dec 10, 2020 1:49:41 PM org.openqa.selenium.remote.ProtocolHandshake createSession
INFO: Detected dialect: W3C
]]></system-err>
  </testcase>
  <testcase name="Verify any character is allowed in Balance" classname="Create Account Page" time="7.289">
    <system-out><![CDATA[	this is coming from BEFORE
]]></system-out>
    <system-err><![CDATA[Starting ChromeDriver 87.0.4280.88 (89e2380a3e36c3464b5dd1302349b1382549290d-refs/branch-heads/4280@{#1761}) on port 31851
Only local connections are allowed.
Please see https://chromedriver.chromium.org/security-considerations for suggestions on keeping ChromeDriver safe.
ChromeDriver was started successfully.
Dec 10, 2020 1:49:48 PM org.openqa.selenium.remote.ProtocolHandshake createSession
INFO: Detected dialect: W3C
]]></system-err>
  </testcase>
  <testcase name="Verify any character is allowed in Balance" classname="Create Account Page" time="7.232">
    <system-out><![CDATA[	this is coming from BEFORE
]]></system-out>
    <system-err><![CDATA[Starting ChromeDriver 87.0.4280.88 (89e2380a3e36c3464b5dd1302349b1382549290d-refs/branch-heads/4280@{#1761}) on port 33105
Only local connections are allowed.
Please see https://chromedriver.chromium.org/security-considerations for suggestions on keeping ChromeDriver safe.
ChromeDriver was started successfully.
Dec 10, 2020 1:49:55 PM org.openqa.selenium.remote.ProtocolHandshake createSession
INFO: Detected dialect: W3C
]]></system-err>
  </testcase>
  <testcase name="Verify any character is allowed in Balance" classname="Create Account Page" time="7.242">
    <system-out><![CDATA[	this is coming from BEFORE
]]></system-out>
    <system-err><![CDATA[Starting ChromeDriver 87.0.4280.88 (89e2380a3e36c3464b5dd1302349b1382549290d-refs/branch-heads/4280@{#1761}) on port 22978
Only local connections are allowed.
Please see https://chromedriver.chromium.org/security-considerations for suggestions on keeping ChromeDriver safe.
ChromeDriver was started successfully.
Dec 10, 2020 1:50:02 PM org.openqa.selenium.remote.ProtocolHandshake createSession
INFO: Detected dialect: W3C
]]></system-err>
  </testcase>
  <testcase name="Verify any character is allowed in Balance" classname="Create Account Page" time="7.34">
    <system-out><![CDATA[	this is coming from BEFORE
]]></system-out>
    <system-err><![CDATA[Starting ChromeDriver 87.0.4280.88 (89e2380a3e36c3464b5dd1302349b1382549290d-refs/branch-heads/4280@{#1761}) on port 1800
Only local connections are allowed.
Please see https://chromedriver.chromium.org/security-considerations for suggestions on keeping ChromeDriver safe.
ChromeDriver was started successfully.
Dec 10, 2020 1:50:10 PM org.openqa.selenium.remote.ProtocolHandshake createSession
INFO: Detected dialect: W3C
]]></system-err>
  </testcase>
  <testcase name="Verify any &quot;O&quot; (Zero) is allowed in Balance in the beginning" classname="Create Account Page" time="7.455">
    <system-out><![CDATA[	this is coming from BEFORE
]]></system-out>
    <system-err><![CDATA[Starting ChromeDriver 87.0.4280.88 (89e2380a3e36c3464b5dd1302349b1382549290d-refs/branch-heads/4280@{#1761}) on port 22648
Only local connections are allowed.
Please see https://chromedriver.chromium.org/security-considerations for suggestions on keeping ChromeDriver safe.
ChromeDriver was started successfully.
Dec 10, 2020 1:50:17 PM org.openqa.selenium.remote.ProtocolHandshake createSession
INFO: Detected dialect: W3C
]]></system-err>
  </testcase>
  <testcase name="Verify any &quot;O&quot; (Zero) is allowed in Balance in the beginning" classname="Create Account Page" time="7.408">
    <system-out><![CDATA[	this is coming from BEFORE
]]></system-out>
    <system-err><![CDATA[Starting ChromeDriver 87.0.4280.88 (89e2380a3e36c3464b5dd1302349b1382549290d-refs/branch-heads/4280@{#1761}) on port 10198
Only local connections are allowed.
Please see https://chromedriver.chromium.org/security-considerations for suggestions on keeping ChromeDriver safe.
ChromeDriver was started successfully.
Dec 10, 2020 1:50:24 PM org.openqa.selenium.remote.ProtocolHandshake createSession
INFO: Detected dialect: W3C
]]></system-err>
  </testcase>
  <testcase name="Verify any &quot;.&quot; (dot) is allowed in Balance" classname="Create Account Page" time="7.418">
    <system-out><![CDATA[	this is coming from BEFORE
]]></system-out>
    <system-err><![CDATA[Starting ChromeDriver 87.0.4280.88 (89e2380a3e36c3464b5dd1302349b1382549290d-refs/branch-heads/4280@{#1761}) on port 6021
Only local connections are allowed.
Please see https://chromedriver.chromium.org/security-considerations for suggestions on keeping ChromeDriver safe.
ChromeDriver was started successfully.
Dec 10, 2020 1:50:32 PM org.openqa.selenium.remote.ProtocolHandshake createSession
INFO: Detected dialect: W3C
]]></system-err>
  </testcase>
  <testcase name="Verify any &quot;.&quot; (dot) is allowed in Balance" classname="Create Account Page" time="7.435">
    <system-out><![CDATA[	this is coming from BEFORE
]]></system-out>
    <system-err><![CDATA[Starting ChromeDriver 87.0.4280.88 (89e2380a3e36c3464b5dd1302349b1382549290d-refs/branch-heads/4280@{#1761}) on port 14429
Only local connections are allowed.
Please see https://chromedriver.chromium.org/security-considerations for suggestions on keeping ChromeDriver safe.
ChromeDriver was started successfully.
Dec 10, 2020 1:50:39 PM org.openqa.selenium.remote.ProtocolHandshake createSession
INFO: Detected dialect: W3C
]]></system-err>
  </testcase>
  <testcase name="Valid Data for Transaction" classname="Create Transaction Page" time="10.388">
    <system-out><![CDATA[	this is coming from BEFORE
63
Select account
rew
Cedric Bella
Nobert Nowak
Fatih Gulen
Jerald Greenawalt
Arnoldo Meade
46456 5643
Hubert Blaine Wolfeschlegelsteinhausenbergerdorf
H F
Carlos Mark
Carlos Mark
Carlos Mark
Marlys Brassard
Flora Stumpf
Cedric Bella
Nobert Nowak
Fatih Gulen
Jerald Greenawalt
Arnoldo Meade
46456 5643
Hubert Blaine Wolfeschlegelsteinhausenbergerdorf
H F
Carlos Mark
Carlos Mark
Carlos Mark
Marlys Brassard
Flora Stumpf
Cedric Bella
Nobert Nowak
Fatih Gulen
Jerald Greenawalt
Arnoldo Meade
46456 5643
Hubert Blaine Wolfeschlegelsteinhausenbergerdorf
H F
Carlos Mark
Carlos Mark
Carlos Mark
Marlys Brassard
Flora Stumpf
Cedric Bella
Nobert Nowak
Fatih Gulen
Jerald Greenawalt
Arnoldo Meade
46456 5643
H F
Carlos Mark
Carlos Mark
Carlos Mark
Marlys Brassard
Flora Stumpf
Cedric Bella
Nobert Nowak
Fatih Gulen
Jerald Greenawalt
Arnoldo Meade
Carlos Mark
Carlos Mark
Carlos Mark
Marlys Brassard
Flora Stumpf
]]></system-out>
    <system-err><![CDATA[Starting ChromeDriver 87.0.4280.88 (89e2380a3e36c3464b5dd1302349b1382549290d-refs/branch-heads/4280@{#1761}) on port 15209
Only local connections are allowed.
Please see https://chromedriver.chromium.org/security-considerations for suggestions on keeping ChromeDriver safe.
ChromeDriver was started successfully.
Dec 10, 2020 1:50:47 PM org.openqa.selenium.remote.ProtocolHandshake createSession
INFO: Detected dialect: W3C
]]></system-err>
  </testcase>
  <testcase name="Valid Data for Transaction" classname="Create Transaction Page" time="10.031">
    <system-out><![CDATA[	this is coming from BEFORE
63
Select account
rew
Cedric Bella
Nobert Nowak
Fatih Gulen
Jerald Greenawalt
Arnoldo Meade
46456 5643
Hubert Blaine Wolfeschlegelsteinhausenbergerdorf
H F
Carlos Mark
Carlos Mark
Carlos Mark
Marlys Brassard
Flora Stumpf
Cedric Bella
Nobert Nowak
Fatih Gulen
Jerald Greenawalt
Arnoldo Meade
46456 5643
Hubert Blaine Wolfeschlegelsteinhausenbergerdorf
H F
Carlos Mark
Carlos Mark
Carlos Mark
Marlys Brassard
Flora Stumpf
Cedric Bella
Nobert Nowak
Fatih Gulen
Jerald Greenawalt
Arnoldo Meade
46456 5643
Hubert Blaine Wolfeschlegelsteinhausenbergerdorf
H F
Carlos Mark
Carlos Mark
Carlos Mark
Marlys Brassard
Flora Stumpf
Cedric Bella
Nobert Nowak
Fatih Gulen
Jerald Greenawalt
Arnoldo Meade
46456 5643
H F
Carlos Mark
Carlos Mark
Carlos Mark
Marlys Brassard
Flora Stumpf
Cedric Bella
Nobert Nowak
Fatih Gulen
Jerald Greenawalt
Arnoldo Meade
Carlos Mark
Carlos Mark
Carlos Mark
Marlys Brassard
Flora Stumpf
]]></system-out>
    <system-err><![CDATA[Starting ChromeDriver 87.0.4280.88 (89e2380a3e36c3464b5dd1302349b1382549290d-refs/branch-heads/4280@{#1761}) on port 19721
Only local connections are allowed.
Please see https://chromedriver.chromium.org/security-considerations for suggestions on keeping ChromeDriver safe.
ChromeDriver was started successfully.
Dec 10, 2020 1:50:57 PM org.openqa.selenium.remote.ProtocolHandshake createSession
INFO: Detected dialect: W3C
]]></system-err>
  </testcase>
  <testcase name="Valid Data for Transaction" classname="Create Transaction Page" time="10.026">
    <system-out><![CDATA[	this is coming from BEFORE
63
Select account
rew
Cedric Bella
Nobert Nowak
Fatih Gulen
Jerald Greenawalt
Arnoldo Meade
46456 5643
Hubert Blaine Wolfeschlegelsteinhausenbergerdorf
H F
Carlos Mark
Carlos Mark
Carlos Mark
Marlys Brassard
Flora Stumpf
Cedric Bella
Nobert Nowak
Fatih Gulen
Jerald Greenawalt
Arnoldo Meade
46456 5643
Hubert Blaine Wolfeschlegelsteinhausenbergerdorf
H F
Carlos Mark
Carlos Mark
Carlos Mark
Marlys Brassard
Flora Stumpf
Cedric Bella
Nobert Nowak
Fatih Gulen
Jerald Greenawalt
Arnoldo Meade
46456 5643
Hubert Blaine Wolfeschlegelsteinhausenbergerdorf
H F
Carlos Mark
Carlos Mark
Carlos Mark
Marlys Brassard
Flora Stumpf
Cedric Bella
Nobert Nowak
Fatih Gulen
Jerald Greenawalt
Arnoldo Meade
46456 5643
H F
Carlos Mark
Carlos Mark
Carlos Mark
Marlys Brassard
Flora Stumpf
Cedric Bella
Nobert Nowak
Fatih Gulen
Jerald Greenawalt
Arnoldo Meade
Carlos Mark
Carlos Mark
Carlos Mark
Marlys Brassard
Flora Stumpf
]]></system-out>
    <system-err><![CDATA[Starting ChromeDriver 87.0.4280.88 (89e2380a3e36c3464b5dd1302349b1382549290d-refs/branch-heads/4280@{#1761}) on port 38664
Only local connections are allowed.
Please see https://chromedriver.chromium.org/security-considerations for suggestions on keeping ChromeDriver safe.
ChromeDriver was started successfully.
Dec 10, 2020 1:51:07 PM org.openqa.selenium.remote.ProtocolHandshake createSession
INFO: Detected dialect: W3C
]]></system-err>
  </testcase>
  <testcase name="Valid Data for Transaction" classname="Create Transaction Page" time="10.272">
    <system-out><![CDATA[	this is coming from BEFORE
63
Select account
rew
Cedric Bella
Nobert Nowak
Fatih Gulen
Jerald Greenawalt
Arnoldo Meade
46456 5643
Hubert Blaine Wolfeschlegelsteinhausenbergerdorf
H F
Carlos Mark
Carlos Mark
Carlos Mark
Marlys Brassard
Flora Stumpf
Cedric Bella
Nobert Nowak
Fatih Gulen
Jerald Greenawalt
Arnoldo Meade
46456 5643
Hubert Blaine Wolfeschlegelsteinhausenbergerdorf
H F
Carlos Mark
Carlos Mark
Carlos Mark
Marlys Brassard
Flora Stumpf
Cedric Bella
Nobert Nowak
Fatih Gulen
Jerald Greenawalt
Arnoldo Meade
46456 5643
Hubert Blaine Wolfeschlegelsteinhausenbergerdorf
H F
Carlos Mark
Carlos Mark
Carlos Mark
Marlys Brassard
Flora Stumpf
Cedric Bella
Nobert Nowak
Fatih Gulen
Jerald Greenawalt
Arnoldo Meade
46456 5643
H F
Carlos Mark
Carlos Mark
Carlos Mark
Marlys Brassard
Flora Stumpf
Cedric Bella
Nobert Nowak
Fatih Gulen
Jerald Greenawalt
Arnoldo Meade
Carlos Mark
Carlos Mark
Carlos Mark
Marlys Brassard
Flora Stumpf
]]></system-out>
    <system-err><![CDATA[Starting ChromeDriver 87.0.4280.88 (89e2380a3e36c3464b5dd1302349b1382549290d-refs/branch-heads/4280@{#1761}) on port 31012
Only local connections are allowed.
Please see https://chromedriver.chromium.org/security-considerations for suggestions on keeping ChromeDriver safe.
ChromeDriver was started successfully.
Dec 10, 2020 1:51:17 PM org.openqa.selenium.remote.ProtocolHandshake createSession
INFO: Detected dialect: W3C
]]></system-err>
  </testcase>
  <testcase name="Verify Transaction after Transaction in TransactionList Page" classname="TransactionList Page" time="8.356">
    <system-out><![CDATA[	this is coming from BEFORE
ownerList.size() = 63
lists.getText() = Select account
lists.getText() = rew
lists.getText() = Cedric Bella
lists.getText() = Nobert Nowak
lists.getText() = Fatih Gulen
lists.getText() = Jerald Greenawalt
lists.getText() = Arnoldo Meade
lists.getText() = 46456 5643
lists.getText() = Hubert Blaine Wolfeschlegelsteinhausenbergerdorf
lists.getText() = H F
lists.getText() = Carlos Mark
lists.getText() = Carlos Mark
lists.getText() = Carlos Mark
lists.getText() = Marlys Brassard
lists.getText() = Flora Stumpf
lists.getText() = Cedric Bella
lists.getText() = Nobert Nowak
lists.getText() = Fatih Gulen
lists.getText() = Jerald Greenawalt
lists.getText() = Arnoldo Meade
lists.getText() = 46456 5643
lists.getText() = Hubert Blaine Wolfeschlegelsteinhausenbergerdorf
lists.getText() = H F
lists.getText() = Carlos Mark
lists.getText() = Carlos Mark
lists.getText() = Carlos Mark
lists.getText() = Marlys Brassard
lists.getText() = Flora Stumpf
lists.getText() = Cedric Bella
lists.getText() = Nobert Nowak
lists.getText() = Fatih Gulen
lists.getText() = Jerald Greenawalt
lists.getText() = Arnoldo Meade
lists.getText() = 46456 5643
lists.getText() = Hubert Blaine Wolfeschlegelsteinhausenbergerdorf
lists.getText() = H F
lists.getText() = Carlos Mark
lists.getText() = Carlos Mark
lists.getText() = Carlos Mark
lists.getText() = Marlys Brassard
lists.getText() = Flora Stumpf
lists.getText() = Cedric Bella
lists.getText() = Nobert Nowak
lists.getText() = Fatih Gulen
lists.getText() = Jerald Greenawalt
lists.getText() = Arnoldo Meade
lists.getText() = 46456 5643
lists.getText() = H F
lists.getText() = Carlos Mark
lists.getText() = Carlos Mark
lists.getText() = Carlos Mark
lists.getText() = Marlys Brassard
lists.getText() = Flora Stumpf
lists.getText() = Cedric Bella
lists.getText() = Nobert Nowak
lists.getText() = Fatih Gulen
lists.getText() = Jerald Greenawalt
lists.getText() = Arnoldo Meade
lists.getText() = Carlos Mark
lists.getText() = Carlos Mark
lists.getText() = Carlos Mark
lists.getText() = Marlys Brassard
lists.getText() = Flora Stumpf
balanceFromAccountListPage = 2020-12-10 13:51:31
aHolderFromAccountListPage = Jerald Greenawalt
idFromAccountListPage = 5e5ce0a4-de21-47e9-a66f-2d42a0b92dc0
]]></system-out>
    <system-err><![CDATA[Starting ChromeDriver 87.0.4280.88 (89e2380a3e36c3464b5dd1302349b1382549290d-refs/branch-heads/4280@{#1761}) on port 38570
Only local connections are allowed.
Please see https://chromedriver.chromium.org/security-considerations for suggestions on keeping ChromeDriver safe.
ChromeDriver was started successfully.
Dec 10, 2020 1:51:27 PM org.openqa.selenium.remote.ProtocolHandshake createSession
INFO: Detected dialect: W3C
]]></system-err>
  </testcase>
  <testcase name="Verify Transaction after Transaction in TransactionList Page" classname="TransactionList Page" time="8.347">
    <system-out><![CDATA[	this is coming from BEFORE
ownerList.size() = 63
lists.getText() = Select account
lists.getText() = rew
lists.getText() = Cedric Bella
lists.getText() = Nobert Nowak
lists.getText() = Fatih Gulen
lists.getText() = Jerald Greenawalt
lists.getText() = Arnoldo Meade
lists.getText() = 46456 5643
lists.getText() = Hubert Blaine Wolfeschlegelsteinhausenbergerdorf
lists.getText() = H F
lists.getText() = Carlos Mark
lists.getText() = Carlos Mark
lists.getText() = Carlos Mark
lists.getText() = Marlys Brassard
lists.getText() = Flora Stumpf
lists.getText() = Cedric Bella
lists.getText() = Nobert Nowak
lists.getText() = Fatih Gulen
lists.getText() = Jerald Greenawalt
lists.getText() = Arnoldo Meade
lists.getText() = 46456 5643
lists.getText() = Hubert Blaine Wolfeschlegelsteinhausenbergerdorf
lists.getText() = H F
lists.getText() = Carlos Mark
lists.getText() = Carlos Mark
lists.getText() = Carlos Mark
lists.getText() = Marlys Brassard
lists.getText() = Flora Stumpf
lists.getText() = Cedric Bella
lists.getText() = Nobert Nowak
lists.getText() = Fatih Gulen
lists.getText() = Jerald Greenawalt
lists.getText() = Arnoldo Meade
lists.getText() = 46456 5643
lists.getText() = Hubert Blaine Wolfeschlegelsteinhausenbergerdorf
lists.getText() = H F
lists.getText() = Carlos Mark
lists.getText() = Carlos Mark
lists.getText() = Carlos Mark
lists.getText() = Marlys Brassard
lists.getText() = Flora Stumpf
lists.getText() = Cedric Bella
lists.getText() = Nobert Nowak
lists.getText() = Fatih Gulen
lists.getText() = Jerald Greenawalt
lists.getText() = Arnoldo Meade
lists.getText() = 46456 5643
lists.getText() = H F
lists.getText() = Carlos Mark
lists.getText() = Carlos Mark
lists.getText() = Carlos Mark
lists.getText() = Marlys Brassard
lists.getText() = Flora Stumpf
lists.getText() = Cedric Bella
lists.getText() = Nobert Nowak
lists.getText() = Fatih Gulen
lists.getText() = Jerald Greenawalt
lists.getText() = Arnoldo Meade
lists.getText() = Carlos Mark
lists.getText() = Carlos Mark
lists.getText() = Carlos Mark
lists.getText() = Marlys Brassard
lists.getText() = Flora Stumpf
balanceFromAccountListPage = 2020-12-10 13:51:31
aHolderFromAccountListPage = Jerald Greenawalt
idFromAccountListPage = 5e5ce0a4-de21-47e9-a66f-2d42a0b92dc0
]]></system-out>
    <system-err><![CDATA[Starting ChromeDriver 87.0.4280.88 (89e2380a3e36c3464b5dd1302349b1382549290d-refs/branch-heads/4280@{#1761}) on port 7808
Only local connections are allowed.
Please see https://chromedriver.chromium.org/security-considerations for suggestions on keeping ChromeDriver safe.
ChromeDriver was started successfully.
Dec 10, 2020 1:51:36 PM org.openqa.selenium.remote.ProtocolHandshake createSession
INFO: Detected dialect: W3C
]]></system-err>
  </testcase>
</testsuite>